FINCoS Sink Log File.
 Sink Alias: SINK01
 Sink Address: 127.0.0.1
 Connection: Esper (sample)
 Start time: Fri Jul 17 17:01:11 CEST 2020
 Response Time Mode: ADAPTER
 Response Time Resolution: nanoseconds
 Log Sampling rate: 1.0
1594998079520,StockAvg,CSCO,245.04887652176367,16210637503318,16210643972508
1594998079521,StockAvg2,CSCO,490.09775304352735,16210644612972
1594998079570,StockAvg,DELL,245.8145493198292,16210693416743,16210693787859
1594998079570,StockAvg2,DELL,491.6290986396584,16210694122968
1594998079623,StockAvg,GOOG,244.84862562786515,16210746449468,16210746756149
1594998079623,StockAvg2,GOOG,489.6972512557303,16210747174296
1594998079674,StockAvg,MSFT,244.89799614098695,16210797605311,16210797832506
1594998079674,StockAvg2,MSFT,489.7959922819739,16210798088601
1594998079722,StockAvg,ORCL,245.62736365781896,16210845701208,16210846148162
1594998079723,StockAvg2,ORCL,491.2547273156379,16210846485397
1594998079770,StockAvg,SUNW,244.41846462839527,16210893600547,16210894108753
1594998079771,StockAvg2,SUNW,488.83692925679054,16210894374488
1594998079817,StockAvg,YHOO,244.75560557212725,16210940567893,16210940705730
1594998079817,StockAvg2,YHOO,489.5112111442545,16210940854216
1594998079860,StockAvg,CSCO,245.44078362418333,16210983588147,16210983816764
1594998079860,StockAvg2,CSCO,490.88156724836665,16210983967167
1594998079907,StockAvg,DELL,245.27747126654384,16211030502295,16211030679496
1594998079907,StockAvg2,DELL,490.5549425330877,16211030854339
1594998079945,StockAvg,GOOG,244.88143282919023,16211068529838,16211068679828
1594998079945,StockAvg2,GOOG,489.76286565838046,16211068833675
1594998079984,StockAvg,MSFT,244.96645151144645,16211107907875,16211108001362
1594998079985,StockAvg2,MSFT,489.9329030228929,16211108350952
1594998080025,StockAvg,ORCL,244.52162156094585,16211147991786,16211148309315
1594998080025,StockAvg2,ORCL,489.0432431218917,16211148483800
1594998080063,StockAvg,SUNW,244.83687158801294,16211186521742,16211186691922
1594998080063,StockAvg2,SUNW,489.6737431760259,16211186867596
1594998080097,StockAvg,YHOO,244.92677300629262,16211220093314,16211220426017
1594998080097,StockAvg2,YHOO,489.85354601258524,16211220623686
1594998080136,StockAvg,CSCO,244.85322878339716,16211258799937,16211259307035
1594998080136,StockAvg2,CSCO,489.7064575667943,16211259541496
1594998080172,StockAvg,DELL,244.79571015166422,16211295249510,16211295434143
1594998080172,StockAvg2,DELL,489.59142030332845,16211295592558
1594998080206,StockAvg,GOOG,244.3916056236767,16211329858869,16211330051823
1594998080206,StockAvg2,GOOG,488.7832112473534,16211330272280
1594998080241,StockAvg,MSFT,243.9919386105951,16211364864829,16211364990745
1594998080241,StockAvg2,MSFT,487.9838772211902,16211365124682
1594998080271,StockAvg,ORCL,243.97133944655857,16211394419109,16211394665874
1594998080271,StockAvg2,ORCL,487.94267889311715,16211395021696
1594998080306,StockAvg,SUNW,244.42124349373458,16211429132887,16211429400122
1594998080306,StockAvg2,SUNW,488.84248698746916,16211429731034
1594998080340,StockAvg,YHOO,244.91899927795234,16211463660429,16211463829587
1594998080340,StockAvg2,YHOO,489.8379985559047,16211464022517
1594998080372,StockAvg,CSCO,244.331671572568,16211496057227,16211496263079
1594998080373,StockAvg2,CSCO,488.663343145136,16211496437917
1594998080403,StockAvg,DELL,244.20897130636473,16211526937747,16211527188314
1594998080404,StockAvg2,DELL,488.41794261272946,16211527496780
1594998080433,StockAvg,GOOG,243.94815573642552,16211556294851,16211556562369
1594998080433,StockAvg2,GOOG,487.89631147285104,16211556829243
1594998080465,StockAvg,MSFT,243.48170519524157,16211588907924,16211589088626
1594998080466,StockAvg2,MSFT,486.96341039048315,16211589396362
1594998080491,StockAvg,ORCL,243.10399369647573,16211614559395,16211614913469
1594998080492,StockAvg2,ORCL,486.20798739295145,16211615329030
1594998080520,StockAvg,SUNW,243.57913468113634,16211644145647,16211644258389
1594998080521,StockAvg2,SUNW,487.1582693622727,16211644408879
1594998080552,StockAvg,YHOO,243.88213783053754,16211676026352,16211676157840
1594998080553,StockAvg2,YHOO,487.7642756610751,16211676358757
1594998080580,StockAvg,CSCO,243.44521549532902,16211704044401,16211704178714
1594998080581,StockAvg2,CSCO,486.89043099065805,16211704366977
1594998080606,StockAvg,DELL,243.13730892378035,16211729638552,16211729781122
1594998080606,StockAvg2,DELL,486.2746178475607,16211729943931
1594998080638,StockAvg,GOOG,242.7123899195438,16211761649435,16211761941501
1594998080638,StockAvg2,GOOG,485.4247798390876,16211762170324
1594998080664,StockAvg,MSFT,242.17217304649293,16211787515103,16211787673778
1594998080664,StockAvg2,MSFT,484.34434609298586,16211787896738
1594998080692,StockAvg,ORCL,241.8431085358041,16211816063385,16211816259417
1594998080693,StockAvg2,ORCL,483.6862170716082,16211816468070
1594998080716,StockAvg,SUNW,242.4894901131666,16211839708157,16211839811585
1594998080716,StockAvg2,SUNW,484.9789802263332,16211839997493
1594998080742,StockAvg,YHOO,242.4877106345951,16211865222922,16211865366594
1594998080742,StockAvg2,YHOO,484.9754212691902,16211865508779
1594998080777,StockAvg,CSCO,242.5611072141671,16211900459506,16211900576027
1594998080777,StockAvg2,CSCO,485.1222144283342,16211900753276
1594998080805,StockAvg,DELL,242.22164611154597,16211921241500,16211928698958
1594998080805,StockAvg2,DELL,484.44329222309193,16211928888943
1594998080820,StockAvg,GOOG,241.80941642452288,16211943971038,16211944148812
1594998080821,StockAvg2,GOOG,483.61883284904576,16211944287937
1594998080847,StockAvg,MSFT,241.67641981328447,16211970387822,16211970514853
1594998080847,StockAvg2,MSFT,483.35283962656894,16211970655937
1594998080872,StockAvg,ORCL,241.43017710917465,16211995304687,16211995857428
1594998080872,StockAvg2,ORCL,482.8603542183493,16211996006120
1594998080896,StockAvg,SUNW,241.89875163671468,16212019744332,16212019863726
1594998080896,StockAvg2,SUNW,483.79750327342936,16212020001605
1594998080920,StockAvg,YHOO,241.71928511000203,16212043753345,16212043884004
1594998080920,StockAvg2,YHOO,483.43857022000407,16212044055650
1594998080945,StockAvg,CSCO,241.7035949803939,16212069029214,16212069210186
1594998080946,StockAvg2,CSCO,483.4071899607878,16212069411553
1594998080972,StockAvg,DELL,241.3140735426037,16212093103975,16212095596159
1594998080972,StockAvg2,DELL,482.6281470852074,16212095761859
1594998080991,StockAvg,GOOG,241.25699800050546,16212114879289,16212114987833
1594998080991,StockAvg2,GOOG,482.5139960010109,16212115097030
1594998081020,StockAvg,MSFT,241.10754899203945,16212143052450,16212143355039
1594998081020,StockAvg2,MSFT,482.2150979840789,16212143537878
1594998081042,StockAvg,ORCL,240.90230892667464,16212165459743,16212165615375
1594998081042,StockAvg2,ORCL,481.80461785334927,16212165795557
1594998081066,StockAvg,SUNW,241.0923734301718,16212189366308,16212189496989
1594998081066,StockAvg2,SUNW,482.1847468603436,16212189834146
1594998081089,StockAvg,YHOO,240.90195520853442,16212212332145,16212212480576
1594998081089,StockAvg2,YHOO,481.80391041706883,16212212617152
1594998081112,StockAvg,CSCO,240.77028957813775,16212235134149,16212235279759
1594998081112,StockAvg2,CSCO,481.5405791562755,16212235521731
1594998081136,StockAvg,DELL,240.3134468871195,16212259337462,16212259611318
1594998081136,StockAvg2,DELL,480.626893774239,16212259795149
1594998081154,StockAvg,GOOG,240.42303788690188,16212277763571,16212277910934
1594998081154,StockAvg2,GOOG,480.84607577380376,16212278084562
1594998081179,StockAvg,MSFT,240.40526514016435,16212302466727,16212302597943
1594998081179,StockAvg2,MSFT,480.8105302803287,16212302787108
1594998081201,StockAvg,ORCL,240.20694525362123,16212324427119,16212324555962
1594998081203,StockAvg2,ORCL,480.41389050724246,16212326924439
1594998081223,StockAvg,SUNW,240.21742417557056,16212346279902,16212346414173
1594998081223,StockAvg2,SUNW,480.4348483511411,16212346554718
1594998081240,StockAvg,YHOO,239.88184552515995,16212363798498,16212363921739
1594998081241,StockAvg2,YHOO,479.7636910503199,16212364417698
1594998081265,StockAvg,CSCO,239.98094929236493,16212388769387,16212388888042
1594998081265,StockAvg2,CSCO,479.96189858472985,16212389017192
1594998081286,StockAvg,DELL,239.55829886316562,16212409629126,16212409870310
1594998081286,StockAvg2,DELL,479.11659772633124,16212410026979
1594998081307,StockAvg,GOOG,239.7937422336975,16212430602688,16212430715461
1594998081307,StockAvg2,GOOG,479.587484467395,16212431179720
1594998081326,StockAvg,MSFT,239.73461293879447,16212449281410,16212449470044
1594998081326,StockAvg2,MSFT,479.46922587758894,16212449730093
1594998081349,StockAvg,ORCL,239.41293138744382,16212472278054,16212472411386
1594998081349,StockAvg2,ORCL,478.82586277488764,16212472550060
1594998081370,StockAvg,SUNW,239.43358792339197,16212493186240,16212493331485
1594998081370,StockAvg2,SUNW,478.86717584678394,16212493500398
1594998081389,StockAvg,YHOO,238.95400831895677,16212512870738,16212512961115
1594998081389,StockAvg2,YHOO,477.90801663791353,16212513051913
1594998081410,StockAvg,CSCO,238.99776890937846,16212533603490,16212533740809
1594998081410,StockAvg2,CSCO,477.99553781875693,16212533938062
1594998081431,StockAvg,DELL,238.6537101802529,16212554379322,16212554887654
1594998081431,StockAvg2,DELL,477.3074203605058,16212555010635
1594998081450,StockAvg,GOOG,238.94475002063282,16212573307430,16212573433934
1594998081450,StockAvg2,GOOG,477.88950004126565,16212573715562
1594998081473,StockAvg,MSFT,238.87547025422077,16212596482333,16212596591019
1594998081473,StockAvg2,MSFT,477.75094050844154,16212596747225
1594998081490,StockAvg,ORCL,238.52015158043986,16212613423418,16212613584291
1594998081490,StockAvg2,ORCL,477.0403031608797,16212614040378
1594998081511,StockAvg,SUNW,238.63362318831514,16212635095805,16212635215123
1594998081512,StockAvg2,SUNW,477.2672463766303,16212635345189
1594998081531,StockAvg,YHOO,238.24488785737884,16212654086290,16212654245344
1594998081531,StockAvg2,YHOO,476.4897757147577,16212654392585
1594998081546,StockAvg,CSCO,238.2752820403528,16212669695718,16212669783958
1594998081546,StockAvg2,CSCO,476.5505640807056,16212669884422
1594998081570,StockAvg,DELL,237.6492389809168,16212693752255,16212693890713
1594998081570,StockAvg2,DELL,475.2984779618336,16212694089554
1594998081587,StockAvg,GOOG,237.88082768737823,16212710254680,16212710352284
1594998081587,StockAvg2,GOOG,475.76165537475646,16212710456873
1594998081605,StockAvg,MSFT,237.7802678865263,16212728935806,16212729085903
1594998081606,StockAvg2,MSFT,475.5605357730526,16212729284821
1594998081627,StockAvg,ORCL,237.41635165697951,16212749972806,16212750259200
1594998081627,StockAvg2,ORCL,474.83270331395903,16212750375497
1594998081645,StockAvg,SUNW,237.56503857478893,16212768331069,16212768429859
1594998081645,StockAvg2,SUNW,475.13007714957786,16212768534668
1594998081667,StockAvg,YHOO,237.20522628261503,16212790767244,16212791007211
1594998081668,StockAvg2,YHOO,474.41045256523006,16212791311733
1594998081683,StockAvg,CSCO,237.4669056225299,16212806254555,16212806445344
1594998081683,StockAvg2,CSCO,474.9338112450598,16212806642607
